<?xml version="1.0" encoding="utf-8"?><testsuites name="pytest tests"><testsuite name="pytest" errors="0" failures="0" skipped="0" tests="19" time="17.447" timestamp="2026-08-08T21:36:30.521549+00:00" hostname="agent-env-38c36d00-5c0d-4a1b-b2bc-4973d75238d3"><testcase classname="tests.test_credit.TestCreditRBAC" name="test_all_roles_login" time="2.154" /><testcase classname="tests.test_credit.TestCreditRBAC" name="test_parent_forbidden_on_credit" time="0.448" /><testcase classname="tests.test_credit.TestCreditRBAC" name="test_lender_can_list_lenders_and_apps" time="0.237" /><testcase classname="tests.test_credit.TestLendersConfig" name="test_four_default_lenders" time="0.099" /><testcase classname="tests.test_credit.TestLendersConfig" name="test_update_hdfc_min_cibil_persists" time="0.313" /><testcase classname="tests.test_credit.TestLendersConfig" name="test_lender_update_forbidden_for_school_admin" time="0.221" /><testcase classname="tests.test_credit.TestLendersConfig" name="test_config_weights_get_put" time="0.326" /><testcase classname="tests.test_credit.TestApplicationJourney" name="test_create_application_and_consent" time="0.202" /><testcase classname="tests.test_credit.TestApplicationJourney" name="test_bureau_pull_requires_consent" time="0.199" /><testcase classname="tests.test_credit.TestApplicationJourney" name="test_full_run_all_pipeline_strong" time="0.214" /><testcase classname="tests.test_credit.TestApplicationJourney" name="test_weak_applicant_leads_to_refer_or_reject" time="0.203" /><testcase classname="tests.test_credit.TestApplicationJourney" name="test_subvention_models" time="0.739" /><testcase classname="tests.test_credit.TestApplicationJourney" name="test_bank_statement_upload_and_manual" time="9.688" /><testcase classname="tests.test_credit.TestApplicationJourney" name="test_document_upload_with_ocr" time="0.326" /><testcase classname="tests.test_credit.TestFraud" name="test_duplicate_pan_triggers_flag" time="0.419" /><testcase classname="tests.test_credit.TestMakerChecker" name="test_maker_checker_lender_flow" time="0.851" /><testcase classname="tests.test_credit.TestDashboardAudit" name="test_dashboard_kpis" time="0.103" /><testcase classname="tests.test_credit.TestDashboardAudit" name="test_lender_dashboard_scoped" time="0.093" /><testcase classname="tests.test_credit.TestDashboardAudit" name="test_audit_and_pii_masking" time="0.525" /></testsuite></testsuites>