<?xml version="1.0" encoding="utf-8"?><testsuites name="pytest tests"><testsuite name="pytest" errors="0" failures="1" skipped="0" tests="21" time="7.597" timestamp="2026-08-08T20:19:03.299257+00:00" hostname="agent-env-38c36d00-5c0d-4a1b-b2bc-4973d75238d3"><testcase classname="tests.backend_test.TestAuth" name="test_login_each_demo" time="1.944" /><testcase classname="tests.backend_test.TestAuth" name="test_login_bad_password" time="0.543" /><testcase classname="tests.backend_test.TestParent" name="test_children" time="2.488" /><testcase classname="tests.backend_test.TestParent" name="test_fees_and_pay" time="1.091" /><testcase classname="tests.backend_test.TestParent" name="test_financing_preview_and_pay" time="0.617" /><testcase classname="tests.backend_test.TestAuth" name="test_me" time="1.491" /><testcase classname="tests.backend_test.TestAuth" name="test_me_no_auth" time="0.139" /><testcase classname="tests.backend_test.TestAuth" name="test_register_new_user" time="0.338"><failure message="AssertionError: assert 'test_05b2404c@example.com' == 'TEST_05b2404c@example.com'&#10;  &#10;  - TEST_05b2404c@example.com&#10;  ? ^^^^&#10;  + test_05b2404c@example.com&#10;  ? ^^^^">backend/tests/backend_test.py:61: in test_register_new_user
    assert data["user"]["email"] == email
E   AssertionError: assert 'test_05b2404c@example.com' == 'TEST_05b2404c@example.com'
E     
E     - TEST_05b2404c@example.com
E     ? ^^^^
E     + test_05b2404c@example.com
E     ? ^^^^</failure></testcase><testcase classname="tests.backend_test.TestParent" name="test_payment_history" time="0.387" /><testcase classname="tests.backend_test.TestRBAC" name="test_parent_cannot_access_analytics" time="0.097" /><testcase classname="tests.backend_test.TestRBAC" name="test_parent_cannot_list_students" time="0.096" /><testcase classname="tests.backend_test.TestParent" name="test_parent_cannot_access_other_student" time="0.238" /><testcase classname="tests.backend_test.TestRBAC" name="test_school_admin_can_analytics" time="0.109" /><testcase classname="tests.backend_test.TestStudents" name="test_list_students" time="0.099" /><testcase classname="tests.backend_test.TestFeeStructure" name="test_get_structure_published" time="0.144" /><testcase classname="tests.backend_test.TestStudents" name="test_add_student" time="0.112" /><testcase classname="tests.backend_test.TestFeeStructure" name="test_save_and_persist" time="0.475" /><testcase classname="tests.backend_test.TestOnboarding" name="test_get_school" time="0.109" /><testcase classname="tests.backend_test.TestOnboarding" name="test_upsert_and_onboarding" time="0.256" /><testcase classname="tests.backend_test.TestAnalytics" name="test_overview_shape" time="0.105" /><testcase classname="tests.backend_test.TestFeeParse" name="test_parse_csv" time="1.525" /></testsuite></testsuites>