<?xml version="1.0" encoding="utf-8"?><testsuites name="pytest tests"><testsuite name="pytest" errors="0" failures="0" skipped="1" tests="32" time="9.934" timestamp="2026-08-08T20:53:58.235813+00:00" hostname="agent-env-38c36d00-5c0d-4a1b-b2bc-4973d75238d3"><testcase classname="tests.backend_test.TestAuth" name="test_login_each_demo" time="1.859" /><testcase classname="tests.backend_test.TestAuth" name="test_login_bad_password" time="0.511" /><testcase classname="tests.backend_test.TestParent" name="test_children" time="2.372" /><testcase classname="tests.backend_test.TestParent" name="test_fees_and_pay" time="0.344"><skipped type="pytest.skip" message="All Aarav fee heads already paid in prior runs">/app/backend/tests/backend_test.py:213: All Aarav fee heads already paid in prior runs</skipped></testcase><testcase classname="tests.backend_test.TestParent" name="test_financing_preview_and_pay" time="0.661" /><testcase classname="tests.backend_test.TestParent" name="test_payment_history" time="0.352" /><testcase classname="tests.backend_test.TestParent" name="test_parent_cannot_access_other_student" time="0.226" /><testcase classname="tests.backend_test.TestAuth" name="test_me" time="1.500" /><testcase classname="tests.backend_test.TestAuth" name="test_me_no_auth" time="0.099" /><testcase classname="tests.backend_test.TestTeam" name="test_list_team_school_admin" time="0.108" /><testcase classname="tests.backend_test.TestAuth" name="test_register_new_user" time="0.438" /><testcase classname="tests.backend_test.TestTeam" name="test_parent_cannot_list_team" time="0.248" /><testcase classname="tests.backend_test.TestTeam" name="test_add_update_delete_team_and_login" time="1.191" /><testcase classname="tests.backend_test.TestRBAC" name="test_parent_cannot_access_analytics" time="0.262" /><testcase classname="tests.backend_test.TestRBAC" name="test_parent_cannot_list_students" time="0.113" /><testcase classname="tests.backend_test.TestRBAC" name="test_school_admin_can_analytics" time="0.278" /><testcase classname="tests.backend_test.TestStudentEditDelete" name="test_edit_student" time="0.511" /><testcase classname="tests.backend_test.TestTeam" name="test_cannot_delete_self" time="0.290" /><testcase classname="tests.backend_test.TestStudentEditDelete" name="test_delete_student_and_payments" time="1.343" /><testcase classname="tests.backend_test.TestTeam" name="test_seeded_team_members_can_login" time="0.961" /><testcase classname="tests.backend_test.TestSara" name="test_two_children" time="0.111" /><testcase classname="tests.backend_test.TestSara" name="test_sara_no_payments_and_all_unpaid" time="0.317" /><testcase classname="tests.backend_test.TestStudentEditDelete" name="test_parent_cannot_edit_or_delete_students" time="0.307" /><testcase classname="tests.backend_test.TestSara" name="test_sara_all_three_payment_paths" time="0.631" /><testcase classname="tests.backend_test.TestFeeStructure" name="test_get_structure_published" time="0.119" /><testcase classname="tests.backend_test.TestFeeStructure" name="test_save_and_persist" time="0.454" /><testcase classname="tests.backend_test.TestOnboarding" name="test_get_school" time="0.097" /><testcase classname="tests.backend_test.TestStudents" name="test_list_students" time="0.100" /><testcase classname="tests.backend_test.TestOnboarding" name="test_upsert_and_onboarding" time="0.238" /><testcase classname="tests.backend_test.TestStudents" name="test_add_student" time="0.136" /><testcase classname="tests.backend_test.TestFeeParse" name="test_parse_csv" time="1.279" /><testcase classname="tests.backend_test.TestAnalytics" name="test_overview_shape" time="0.145" /></testsuite></testsuites>